2026-06-17 15:35:24,931 INFO Adding job tentatively -- it will be properly scheduled when the scheduler starts
2026-06-17 15:35:24,936 INFO Adding job tentatively -- it will be properly scheduled when the scheduler starts
2026-06-17 15:35:24,939 INFO Adding job tentatively -- it will be properly scheduled when the scheduler starts
2026-06-17 15:35:24,944 INFO Added job "send_morning_messages" to job store "default"
2026-06-17 15:35:24,945 INFO Added job "check_task_notifications" to job store "default"
2026-06-17 15:35:24,946 INFO Added job "check_reminders" to job store "default"
2026-06-17 15:35:24,947 INFO Scheduler started
2026-06-17 15:35:24,947 INFO Notification scheduler started (Asia/Tashkent timezone)
2026-06-17 15:35:24,948 INFO Bot ishga tushdi...
2026-06-17 15:35:24,949 INFO Start polling
2026-06-17 15:35:25,362 INFO Run polling for bot @Mars_F2_1985_bot id=8218372259 - 'dars_uchun'
2026-06-17 15:36:24,941 INFO Running job "check_task_notifications (trigger: interval[0:01:00], next run at: 2026-06-17 15:37:24 +05)" (scheduled at 2026-06-17 15:36:24.936401+05:00)
2026-06-17 15:36:24,948 INFO Running job "check_reminders (trigger: interval[0:01:00], next run at: 2026-06-17 15:37:24 +05)" (scheduled at 2026-06-17 15:36:24.939426+05:00)
2026-06-17 15:36:24,987 INFO Job "check_task_notifications (trigger: interval[0:01:00], next run at: 2026-06-17 15:37:24 +05)" executed successfully
2026-06-17 15:36:24,988 INFO Job "check_reminders (trigger: interval[0:01:00], next run at: 2026-06-17 15:37:24 +05)" executed successfully
2026-06-17 15:37:24,944 INFO Running job "check_task_notifications (trigger: interval[0:01:00], next run at: 2026-06-17 15:38:24 +05)" (scheduled at 2026-06-17 15:37:24.936401+05:00)
2026-06-17 15:37:24,952 INFO Running job "check_reminders (trigger: interval[0:01:00], next run at: 2026-06-17 15:38:24 +05)" (scheduled at 2026-06-17 15:37:24.939426+05:00)
2026-06-17 15:37:24,959 INFO Job "check_task_notifications (trigger: interval[0:01:00], next run at: 2026-06-17 15:38:24 +05)" executed successfully
2026-06-17 15:37:24,959 INFO Job "check_reminders (trigger: interval[0:01:00], next run at: 2026-06-17 15:38:24 +05)" executed successfully
2026-06-17 15:38:24,947 INFO Running job "check_task_notifications (trigger: interval[0:01:00], next run at: 2026-06-17 15:39:24 +05)" (scheduled at 2026-06-17 15:38:24.936401+05:00)
2026-06-17 15:38:24,956 INFO Running job "check_reminders (trigger: interval[0:01:00], next run at: 2026-06-17 15:39:24 +05)" (scheduled at 2026-06-17 15:38:24.939426+05:00)
2026-06-17 15:38:24,962 INFO Job "check_task_notifications (trigger: interval[0:01:00], next run at: 2026-06-17 15:39:24 +05)" executed successfully
2026-06-17 15:38:24,963 INFO Job "check_reminders (trigger: interval[0:01:00], next run at: 2026-06-17 15:39:24 +05)" executed successfully
2026-06-17 15:39:24,950 INFO Running job "check_task_notifications (trigger: interval[0:01:00], next run at: 2026-06-17 15:40:24 +05)" (scheduled at 2026-06-17 15:39:24.936401+05:00)
2026-06-17 15:39:24,957 INFO Running job "check_reminders (trigger: interval[0:01:00], next run at: 2026-06-17 15:40:24 +05)" (scheduled at 2026-06-17 15:39:24.939426+05:00)
2026-06-17 15:39:24,966 INFO Job "check_task_notifications (trigger: interval[0:01:00], next run at: 2026-06-17 15:40:24 +05)" executed successfully
2026-06-17 15:39:24,966 INFO Job "check_reminders (trigger: interval[0:01:00], next run at: 2026-06-17 15:40:24 +05)" executed successfully
2026-06-17 15:40:24,939 INFO Running job "check_task_notifications (trigger: interval[0:01:00], next run at: 2026-06-17 15:41:24 +05)" (scheduled at 2026-06-17 15:40:24.936401+05:00)
2026-06-17 15:40:24,943 INFO Running job "check_reminders (trigger: interval[0:01:00], next run at: 2026-06-17 15:41:24 +05)" (scheduled at 2026-06-17 15:40:24.939426+05:00)
2026-06-17 15:40:24,946 INFO Job "check_task_notifications (trigger: interval[0:01:00], next run at: 2026-06-17 15:41:24 +05)" executed successfully
2026-06-17 15:40:24,947 INFO Job "check_reminders (trigger: interval[0:01:00], next run at: 2026-06-17 15:41:24 +05)" executed successfully
2026-06-17 16:08:28,292 ERROR Failed to fetch updates - TelegramNetworkError: HTTP Client says - Request timeout error
2026-06-17 16:08:28,294 WARNING Sleep for 1.000000 seconds and try again... (tryings = 0, bot id = 8218372259)
2026-06-17 16:08:28,298 WARNING Run time of job "check_task_notifications (trigger: interval[0:01:00], next run at: 2026-06-17 16:09:24 +05)" was missed by 0:00:03.362568
2026-06-17 16:08:28,300 WARNING Run time of job "check_reminders (trigger: interval[0:01:00], next run at: 2026-06-17 16:09:24 +05)" was missed by 0:00:03.360541
2026-06-17 16:08:29,314 ERROR Failed to fetch updates - TelegramNetworkError: HTTP Client says - ClientConnectorError: Cannot connect to host api.telegram.org:443 ssl:default [getaddrinfo failed]
2026-06-17 16:08:29,315 WARNING Sleep for 1.351897 seconds and try again... (tryings = 1, bot id = 8218372259)
2026-06-17 16:08:30,673 ERROR Failed to fetch updates - TelegramNetworkError: HTTP Client says - ClientConnectorError: Cannot connect to host api.telegram.org:443 ssl:default [getaddrinfo failed]
2026-06-17 16:08:30,674 WARNING Sleep for 1.773410 seconds and try again... (tryings = 2, bot id = 8218372259)
2026-06-17 16:08:32,459 ERROR Failed to fetch updates - TelegramNetworkError: HTTP Client says - ClientConnectorError: Cannot connect to host api.telegram.org:443 ssl:default [getaddrinfo failed]
2026-06-17 16:08:32,461 WARNING Sleep for 2.391425 seconds and try again... (tryings = 3, bot id = 8218372259)
2026-06-17 21:11:21,090 WARNING Run time of job "check_task_notifications (trigger: interval[0:01:00], next run at: 2026-06-17 21:11:24 +05)" was missed by 0:00:56.154507
2026-06-17 21:11:21,092 WARNING Run time of job "check_reminders (trigger: interval[0:01:00], next run at: 2026-06-17 21:11:24 +05)" was missed by 0:00:56.152636
2026-06-17 21:11:21,092 ERROR Failed to fetch updates - TelegramNetworkError: HTTP Client says - ClientConnectorError: Cannot connect to host api.telegram.org:443 ssl:default [getaddrinfo failed]
2026-06-17 21:11:21,095 WARNING Sleep for 3.028469 seconds and try again... (tryings = 4, bot id = 8218372259)
2026-06-17 21:11:24,133 ERROR Failed to fetch updates - TelegramNetworkError: HTTP Client says - ClientConnectorError: Cannot connect to host api.telegram.org:443 ssl:default [getaddrinfo failed]
2026-06-17 21:11:24,133 WARNING Sleep for 3.824968 seconds and try again... (tryings = 5, bot id = 8218372259)
2026-06-17 21:11:24,945 INFO Running job "check_task_notifications (trigger: interval[0:01:00], next run at: 2026-06-17 21:12:24 +05)" (scheduled at 2026-06-17 21:11:24.936401+05:00)
2026-06-17 21:11:24,945 INFO Running job "check_reminders (trigger: interval[0:01:00], next run at: 2026-06-17 21:12:24 +05)" (scheduled at 2026-06-17 21:11:24.939426+05:00)
2026-06-17 21:11:24,950 INFO Job "check_task_notifications (trigger: interval[0:01:00], next run at: 2026-06-17 21:12:24 +05)" executed successfully
2026-06-17 21:11:24,950 INFO Job "check_reminders (trigger: interval[0:01:00], next run at: 2026-06-17 21:12:24 +05)" executed successfully
2026-06-17 21:11:38,269 INFO Connection established (tryings = 6, bot id = 8218372259)
2026-06-17 21:12:24,955 INFO Running job "check_task_notifications (trigger: interval[0:01:00], next run at: 2026-06-17 21:13:24 +05)" (scheduled at 2026-06-17 21:12:24.936401+05:00)
2026-06-17 21:12:24,963 INFO Running job "check_reminders (trigger: interval[0:01:00], next run at: 2026-06-17 21:13:24 +05)" (scheduled at 2026-06-17 21:12:24.939426+05:00)
2026-06-17 21:12:24,971 INFO Job "check_task_notifications (trigger: interval[0:01:00], next run at: 2026-06-17 21:13:24 +05)" executed successfully
2026-06-17 21:12:24,971 INFO Job "check_reminders (trigger: interval[0:01:00], next run at: 2026-06-17 21:13:24 +05)" executed successfully
2026-06-17 21:13:24,945 INFO Running job "check_task_notifications (trigger: interval[0:01:00], next run at: 2026-06-17 21:14:24 +05)" (scheduled at 2026-06-17 21:13:24.936401+05:00)
2026-06-17 21:13:24,953 INFO Running job "check_reminders (trigger: interval[0:01:00], next run at: 2026-06-17 21:14:24 +05)" (scheduled at 2026-06-17 21:13:24.939426+05:00)
2026-06-17 21:13:24,962 INFO Job "check_task_notifications (trigger: interval[0:01:00], next run at: 2026-06-17 21:14:24 +05)" executed successfully
2026-06-17 21:13:24,963 INFO Job "check_reminders (trigger: interval[0:01:00], next run at: 2026-06-17 21:14:24 +05)" executed successfully
2026-06-17 21:14:24,945 INFO Running job "check_task_notifications (trigger: interval[0:01:00], next run at: 2026-06-17 21:15:24 +05)" (scheduled at 2026-06-17 21:14:24.936401+05:00)
2026-06-17 21:14:24,956 INFO Running job "check_reminders (trigger: interval[0:01:00], next run at: 2026-06-17 21:15:24 +05)" (scheduled at 2026-06-17 21:14:24.939426+05:00)
2026-06-17 21:14:24,971 INFO Job "check_task_notifications (trigger: interval[0:01:00], next run at: 2026-06-17 21:15:24 +05)" executed successfully
2026-06-17 21:14:24,974 INFO Job "check_reminders (trigger: interval[0:01:00], next run at: 2026-06-17 21:15:24 +05)" executed successfully
2026-06-17 21:15:24,953 INFO Running job "check_task_notifications (trigger: interval[0:01:00], next run at: 2026-06-17 21:16:24 +05)" (scheduled at 2026-06-17 21:15:24.936401+05:00)
2026-06-17 21:15:24,964 INFO Running job "check_reminders (trigger: interval[0:01:00], next run at: 2026-06-17 21:16:24 +05)" (scheduled at 2026-06-17 21:15:24.939426+05:00)
2026-06-17 21:15:25,003 INFO Job "check_task_notifications (trigger: interval[0:01:00], next run at: 2026-06-17 21:16:24 +05)" executed successfully
2026-06-17 21:15:25,007 INFO Job "check_reminders (trigger: interval[0:01:00], next run at: 2026-06-17 21:16:24 +05)" executed successfully
2026-06-17 21:16:25,081 INFO Running job "check_task_notifications (trigger: interval[0:01:00], next run at: 2026-06-17 21:17:24 +05)" (scheduled at 2026-06-17 21:16:24.936401+05:00)
2026-06-17 21:16:25,158 INFO Running job "check_reminders (trigger: interval[0:01:00], next run at: 2026-06-17 21:17:24 +05)" (scheduled at 2026-06-17 21:16:24.939426+05:00)
2026-06-17 21:16:25,355 INFO Job "check_task_notifications (trigger: interval[0:01:00], next run at: 2026-06-17 21:17:24 +05)" executed successfully
2026-06-17 21:16:25,366 INFO Job "check_reminders (trigger: interval[0:01:00], next run at: 2026-06-17 21:17:24 +05)" executed successfully
2026-06-17 21:17:24,975 INFO Running job "check_task_notifications (trigger: interval[0:01:00], next run at: 2026-06-17 21:18:24 +05)" (scheduled at 2026-06-17 21:17:24.936401+05:00)
2026-06-17 21:17:25,002 INFO Running job "check_reminders (trigger: interval[0:01:00], next run at: 2026-06-17 21:18:24 +05)" (scheduled at 2026-06-17 21:17:24.939426+05:00)
2026-06-17 21:17:25,078 INFO Job "check_task_notifications (trigger: interval[0:01:00], next run at: 2026-06-17 21:18:24 +05)" executed successfully
2026-06-17 21:17:25,078 INFO Job "check_reminders (trigger: interval[0:01:00], next run at: 2026-06-17 21:18:24 +05)" executed successfully
2026-06-17 21:18:24,952 INFO Running job "check_task_notifications (trigger: interval[0:01:00], next run at: 2026-06-17 21:19:24 +05)" (scheduled at 2026-06-17 21:18:24.936401+05:00)
2026-06-17 21:18:24,955 INFO Running job "check_reminders (trigger: interval[0:01:00], next run at: 2026-06-17 21:19:24 +05)" (scheduled at 2026-06-17 21:18:24.939426+05:00)
2026-06-17 21:18:24,964 INFO Job "check_task_notifications (trigger: interval[0:01:00], next run at: 2026-06-17 21:19:24 +05)" executed successfully
2026-06-17 21:18:24,966 INFO Job "check_reminders (trigger: interval[0:01:00], next run at: 2026-06-17 21:19:24 +05)" executed successfully
2026-06-17 21:19:24,963 INFO Running job "check_task_notifications (trigger: interval[0:01:00], next run at: 2026-06-17 21:20:24 +05)" (scheduled at 2026-06-17 21:19:24.936401+05:00)
2026-06-17 21:19:24,965 INFO Running job "check_reminders (trigger: interval[0:01:00], next run at: 2026-06-17 21:20:24 +05)" (scheduled at 2026-06-17 21:19:24.939426+05:00)
2026-06-17 21:19:24,973 INFO Job "check_task_notifications (trigger: interval[0:01:00], next run at: 2026-06-17 21:20:24 +05)" executed successfully
2026-06-17 21:19:24,974 INFO Job "check_reminders (trigger: interval[0:01:00], next run at: 2026-06-17 21:20:24 +05)" executed successfully
2026-06-17 21:20:24,951 INFO Running job "check_task_notifications (trigger: interval[0:01:00], next run at: 2026-06-17 21:21:24 +05)" (scheduled at 2026-06-17 21:20:24.936401+05:00)
2026-06-17 21:20:24,951 INFO Running job "check_reminders (trigger: interval[0:01:00], next run at: 2026-06-17 21:21:24 +05)" (scheduled at 2026-06-17 21:20:24.939426+05:00)
2026-06-17 21:20:24,960 INFO Job "check_task_notifications (trigger: interval[0:01:00], next run at: 2026-06-17 21:21:24 +05)" executed successfully
2026-06-17 21:20:24,962 INFO Job "check_reminders (trigger: interval[0:01:00], next run at: 2026-06-17 21:21:24 +05)" executed successfully
2026-06-17 21:21:24,945 INFO Running job "check_task_notifications (trigger: interval[0:01:00], next run at: 2026-06-17 21:22:24 +05)" (scheduled at 2026-06-17 21:21:24.936401+05:00)
2026-06-17 21:21:24,953 INFO Running job "check_reminders (trigger: interval[0:01:00], next run at: 2026-06-17 21:22:24 +05)" (scheduled at 2026-06-17 21:21:24.939426+05:00)
2026-06-17 21:21:24,954 INFO Job "check_task_notifications (trigger: interval[0:01:00], next run at: 2026-06-17 21:22:24 +05)" executed successfully
2026-06-17 21:21:24,959 INFO Job "check_reminders (trigger: interval[0:01:00], next run at: 2026-06-17 21:22:24 +05)" executed successfully
2026-06-17 21:22:24,960 INFO Running job "check_task_notifications (trigger: interval[0:01:00], next run at: 2026-06-17 21:23:24 +05)" (scheduled at 2026-06-17 21:22:24.936401+05:00)
2026-06-17 21:22:24,961 INFO Running job "check_reminders (trigger: interval[0:01:00], next run at: 2026-06-17 21:23:24 +05)" (scheduled at 2026-06-17 21:22:24.939426+05:00)
2026-06-17 21:22:24,966 INFO Job "check_task_notifications (trigger: interval[0:01:00], next run at: 2026-06-17 21:23:24 +05)" executed successfully
2026-06-17 21:22:24,967 INFO Job "check_reminders (trigger: interval[0:01:00], next run at: 2026-06-17 21:23:24 +05)" executed successfully
2026-06-17 21:23:24,940 INFO Running job "check_task_notifications (trigger: interval[0:01:00], next run at: 2026-06-17 21:24:24 +05)" (scheduled at 2026-06-17 21:23:24.936401+05:00)
2026-06-17 21:23:24,941 INFO Running job "check_reminders (trigger: interval[0:01:00], next run at: 2026-06-17 21:24:24 +05)" (scheduled at 2026-06-17 21:23:24.939426+05:00)
2026-06-17 21:23:24,948 INFO Job "check_task_notifications (trigger: interval[0:01:00], next run at: 2026-06-17 21:24:24 +05)" executed successfully
2026-06-17 21:23:24,949 INFO Job "check_reminders (trigger: interval[0:01:00], next run at: 2026-06-17 21:24:24 +05)" executed successfully
2026-06-17 21:24:24,948 INFO Running job "check_task_notifications (trigger: interval[0:01:00], next run at: 2026-06-17 21:25:24 +05)" (scheduled at 2026-06-17 21:24:24.936401+05:00)
2026-06-17 21:24:24,949 INFO Running job "check_reminders (trigger: interval[0:01:00], next run at: 2026-06-17 21:25:24 +05)" (scheduled at 2026-06-17 21:24:24.939426+05:00)
2026-06-17 21:24:24,960 INFO Job "check_task_notifications (trigger: interval[0:01:00], next run at: 2026-06-17 21:25:24 +05)" executed successfully
2026-06-17 21:24:24,961 INFO Job "check_reminders (trigger: interval[0:01:00], next run at: 2026-06-17 21:25:24 +05)" executed successfully
2026-06-17 21:25:24,942 INFO Running job "check_task_notifications (trigger: interval[0:01:00], next run at: 2026-06-17 21:26:24 +05)" (scheduled at 2026-06-17 21:25:24.936401+05:00)
2026-06-17 21:25:24,943 INFO Running job "check_reminders (trigger: interval[0:01:00], next run at: 2026-06-17 21:26:24 +05)" (scheduled at 2026-06-17 21:25:24.939426+05:00)
2026-06-17 21:25:24,948 INFO Job "check_task_notifications (trigger: interval[0:01:00], next run at: 2026-06-17 21:26:24 +05)" executed successfully
2026-06-17 21:25:24,948 INFO Job "check_reminders (trigger: interval[0:01:00], next run at: 2026-06-17 21:26:24 +05)" executed successfully
2026-06-17 21:26:24,965 INFO Running job "check_task_notifications (trigger: interval[0:01:00], next run at: 2026-06-17 21:27:24 +05)" (scheduled at 2026-06-17 21:26:24.936401+05:00)
2026-06-17 21:26:24,967 INFO Running job "check_reminders (trigger: interval[0:01:00], next run at: 2026-06-17 21:27:24 +05)" (scheduled at 2026-06-17 21:26:24.939426+05:00)
2026-06-17 21:26:24,972 INFO Job "check_task_notifications (trigger: interval[0:01:00], next run at: 2026-06-17 21:27:24 +05)" executed successfully
2026-06-17 21:26:24,973 INFO Job "check_reminders (trigger: interval[0:01:00], next run at: 2026-06-17 21:27:24 +05)" executed successfully
2026-06-17 21:27:24,946 INFO Running job "check_task_notifications (trigger: interval[0:01:00], next run at: 2026-06-17 21:28:24 +05)" (scheduled at 2026-06-17 21:27:24.936401+05:00)
2026-06-17 21:27:24,953 INFO Running job "check_reminders (trigger: interval[0:01:00], next run at: 2026-06-17 21:28:24 +05)" (scheduled at 2026-06-17 21:27:24.939426+05:00)
2026-06-17 21:27:24,961 INFO Job "check_task_notifications (trigger: interval[0:01:00], next run at: 2026-06-17 21:28:24 +05)" executed successfully
2026-06-17 21:27:24,963 INFO Job "check_reminders (trigger: interval[0:01:00], next run at: 2026-06-17 21:28:24 +05)" executed successfully
2026-06-17 21:28:24,949 INFO Running job "check_task_notifications (trigger: interval[0:01:00], next run at: 2026-06-17 21:29:24 +05)" (scheduled at 2026-06-17 21:28:24.936401+05:00)
2026-06-17 21:28:24,957 INFO Running job "check_reminders (trigger: interval[0:01:00], next run at: 2026-06-17 21:29:24 +05)" (scheduled at 2026-06-17 21:28:24.939426+05:00)
2026-06-17 21:28:24,963 INFO Job "check_task_notifications (trigger: interval[0:01:00], next run at: 2026-06-17 21:29:24 +05)" executed successfully
2026-06-17 21:28:24,964 INFO Job "check_reminders (trigger: interval[0:01:00], next run at: 2026-06-17 21:29:24 +05)" executed successfully
2026-06-17 21:29:24,951 INFO Running job "check_task_notifications (trigger: interval[0:01:00], next run at: 2026-06-17 21:30:24 +05)" (scheduled at 2026-06-17 21:29:24.936401+05:00)
2026-06-17 21:29:24,958 INFO Running job "check_reminders (trigger: interval[0:01:00], next run at: 2026-06-17 21:30:24 +05)" (scheduled at 2026-06-17 21:29:24.939426+05:00)
2026-06-17 21:29:24,964 INFO Job "check_task_notifications (trigger: interval[0:01:00], next run at: 2026-06-17 21:30:24 +05)" executed successfully
2026-06-17 21:29:24,965 INFO Job "check_reminders (trigger: interval[0:01:00], next run at: 2026-06-17 21:30:24 +05)" executed successfully
2026-06-17 21:30:24,940 INFO Running job "check_task_notifications (trigger: interval[0:01:00], next run at: 2026-06-17 21:31:24 +05)" (scheduled at 2026-06-17 21:30:24.936401+05:00)
2026-06-17 21:30:24,947 INFO Running job "check_reminders (trigger: interval[0:01:00], next run at: 2026-06-17 21:31:24 +05)" (scheduled at 2026-06-17 21:30:24.939426+05:00)
2026-06-17 21:30:24,952 INFO Job "check_task_notifications (trigger: interval[0:01:00], next run at: 2026-06-17 21:31:24 +05)" executed successfully
2026-06-17 21:30:24,953 INFO Job "check_reminders (trigger: interval[0:01:00], next run at: 2026-06-17 21:31:24 +05)" executed successfully
2026-06-17 21:31:24,952 INFO Running job "check_task_notifications (trigger: interval[0:01:00], next run at: 2026-06-17 21:32:24 +05)" (scheduled at 2026-06-17 21:31:24.936401+05:00)
2026-06-17 21:31:24,959 INFO Running job "check_reminders (trigger: interval[0:01:00], next run at: 2026-06-17 21:32:24 +05)" (scheduled at 2026-06-17 21:31:24.939426+05:00)
2026-06-17 21:31:24,963 INFO Job "check_task_notifications (trigger: interval[0:01:00], next run at: 2026-06-17 21:32:24 +05)" executed successfully
2026-06-17 21:31:24,963 INFO Job "check_reminders (trigger: interval[0:01:00], next run at: 2026-06-17 21:32:24 +05)" executed successfully
2026-06-17 21:32:24,949 INFO Running job "check_task_notifications (trigger: interval[0:01:00], next run at: 2026-06-17 21:33:24 +05)" (scheduled at 2026-06-17 21:32:24.936401+05:00)
2026-06-17 21:32:24,951 INFO Running job "check_reminders (trigger: interval[0:01:00], next run at: 2026-06-17 21:33:24 +05)" (scheduled at 2026-06-17 21:32:24.939426+05:00)
2026-06-17 21:32:24,957 INFO Job "check_task_notifications (trigger: interval[0:01:00], next run at: 2026-06-17 21:33:24 +05)" executed successfully
2026-06-17 21:32:24,959 INFO Job "check_reminders (trigger: interval[0:01:00], next run at: 2026-06-17 21:33:24 +05)" executed successfully
2026-06-17 21:33:24,949 INFO Running job "check_task_notifications (trigger: interval[0:01:00], next run at: 2026-06-17 21:34:24 +05)" (scheduled at 2026-06-17 21:33:24.936401+05:00)
2026-06-17 21:33:24,957 INFO Running job "check_reminders (trigger: interval[0:01:00], next run at: 2026-06-17 21:34:24 +05)" (scheduled at 2026-06-17 21:33:24.939426+05:00)
2026-06-17 21:33:24,962 INFO Job "check_task_notifications (trigger: interval[0:01:00], next run at: 2026-06-17 21:34:24 +05)" executed successfully
2026-06-17 21:33:24,963 INFO Job "check_reminders (trigger: interval[0:01:00], next run at: 2026-06-17 21:34:24 +05)" executed successfully
2026-06-17 21:34:24,940 INFO Running job "check_task_notifications (trigger: interval[0:01:00], next run at: 2026-06-17 21:35:24 +05)" (scheduled at 2026-06-17 21:34:24.936401+05:00)
2026-06-17 21:34:24,948 INFO Running job "check_reminders (trigger: interval[0:01:00], next run at: 2026-06-17 21:35:24 +05)" (scheduled at 2026-06-17 21:34:24.939426+05:00)
2026-06-17 21:34:24,955 INFO Job "check_task_notifications (trigger: interval[0:01:00], next run at: 2026-06-17 21:35:24 +05)" executed successfully
2026-06-17 21:34:24,956 INFO Job "check_reminders (trigger: interval[0:01:00], next run at: 2026-06-17 21:35:24 +05)" executed successfully
2026-06-17 21:35:24,952 INFO Running job "check_task_notifications (trigger: interval[0:01:00], next run at: 2026-06-17 21:36:24 +05)" (scheduled at 2026-06-17 21:35:24.936401+05:00)
2026-06-17 21:35:24,953 INFO Running job "check_reminders (trigger: interval[0:01:00], next run at: 2026-06-17 21:36:24 +05)" (scheduled at 2026-06-17 21:35:24.939426+05:00)
2026-06-17 21:35:24,958 INFO Job "check_task_notifications (trigger: interval[0:01:00], next run at: 2026-06-17 21:36:24 +05)" executed successfully
2026-06-17 21:35:24,958 INFO Job "check_reminders (trigger: interval[0:01:00], next run at: 2026-06-17 21:36:24 +05)" executed successfully
2026-06-17 21:36:24,949 INFO Running job "check_task_notifications (trigger: interval[0:01:00], next run at: 2026-06-17 21:37:24 +05)" (scheduled at 2026-06-17 21:36:24.936401+05:00)
2026-06-17 21:36:24,956 INFO Running job "check_reminders (trigger: interval[0:01:00], next run at: 2026-06-17 21:37:24 +05)" (scheduled at 2026-06-17 21:36:24.939426+05:00)
2026-06-17 21:36:24,962 INFO Job "check_task_notifications (trigger: interval[0:01:00], next run at: 2026-06-17 21:37:24 +05)" executed successfully
2026-06-17 21:36:24,963 INFO Job "check_reminders (trigger: interval[0:01:00], next run at: 2026-06-17 21:37:24 +05)" executed successfully
2026-06-17 21:37:24,947 INFO Running job "check_task_notifications (trigger: interval[0:01:00], next run at: 2026-06-17 21:38:24 +05)" (scheduled at 2026-06-17 21:37:24.936401+05:00)
2026-06-17 21:37:24,953 INFO Running job "check_reminders (trigger: interval[0:01:00], next run at: 2026-06-17 21:38:24 +05)" (scheduled at 2026-06-17 21:37:24.939426+05:00)
2026-06-17 21:37:24,959 INFO Job "check_task_notifications (trigger: interval[0:01:00], next run at: 2026-06-17 21:38:24 +05)" executed successfully
2026-06-17 21:37:24,959 INFO Job "check_reminders (trigger: interval[0:01:00], next run at: 2026-06-17 21:38:24 +05)" executed successfully
2026-06-17 21:38:24,946 INFO Running job "check_task_notifications (trigger: interval[0:01:00], next run at: 2026-06-17 21:39:24 +05)" (scheduled at 2026-06-17 21:38:24.936401+05:00)
2026-06-17 21:38:24,954 INFO Running job "check_reminders (trigger: interval[0:01:00], next run at: 2026-06-17 21:39:24 +05)" (scheduled at 2026-06-17 21:38:24.939426+05:00)
2026-06-17 21:38:24,957 INFO Job "check_task_notifications (trigger: interval[0:01:00], next run at: 2026-06-17 21:39:24 +05)" executed successfully
2026-06-17 21:38:24,959 INFO Job "check_reminders (trigger: interval[0:01:00], next run at: 2026-06-17 21:39:24 +05)" executed successfully
2026-06-17 21:39:24,938 INFO Running job "check_task_notifications (trigger: interval[0:01:00], next run at: 2026-06-17 21:40:24 +05)" (scheduled at 2026-06-17 21:39:24.936401+05:00)
2026-06-17 21:39:24,949 INFO Running job "check_reminders (trigger: interval[0:01:00], next run at: 2026-06-17 21:40:24 +05)" (scheduled at 2026-06-17 21:39:24.939426+05:00)
2026-06-17 21:39:24,952 INFO Job "check_task_notifications (trigger: interval[0:01:00], next run at: 2026-06-17 21:40:24 +05)" executed successfully
2026-06-17 21:39:24,952 INFO Job "check_reminders (trigger: interval[0:01:00], next run at: 2026-06-17 21:40:24 +05)" executed successfully
2026-06-17 21:40:24,944 INFO Running job "check_task_notifications (trigger: interval[0:01:00], next run at: 2026-06-17 21:41:24 +05)" (scheduled at 2026-06-17 21:40:24.936401+05:00)
2026-06-17 21:40:24,951 INFO Running job "check_reminders (trigger: interval[0:01:00], next run at: 2026-06-17 21:41:24 +05)" (scheduled at 2026-06-17 21:40:24.939426+05:00)
2026-06-17 21:40:24,955 INFO Job "check_task_notifications (trigger: interval[0:01:00], next run at: 2026-06-17 21:41:24 +05)" executed successfully
2026-06-17 21:40:24,957 INFO Job "check_reminders (trigger: interval[0:01:00], next run at: 2026-06-17 21:41:24 +05)" executed successfully
2026-06-17 21:41:24,956 INFO Running job "check_task_notifications (trigger: interval[0:01:00], next run at: 2026-06-17 21:42:24 +05)" (scheduled at 2026-06-17 21:41:24.936401+05:00)
2026-06-17 21:41:24,964 INFO Running job "check_reminders (trigger: interval[0:01:00], next run at: 2026-06-17 21:42:24 +05)" (scheduled at 2026-06-17 21:41:24.939426+05:00)
2026-06-17 21:41:24,968 INFO Job "check_task_notifications (trigger: interval[0:01:00], next run at: 2026-06-17 21:42:24 +05)" executed successfully
2026-06-17 21:41:24,969 INFO Job "check_reminders (trigger: interval[0:01:00], next run at: 2026-06-17 21:42:24 +05)" executed successfully
2026-06-17 21:42:24,949 INFO Running job "check_task_notifications (trigger: interval[0:01:00], next run at: 2026-06-17 21:43:24 +05)" (scheduled at 2026-06-17 21:42:24.936401+05:00)
2026-06-17 21:42:24,951 INFO Running job "check_reminders (trigger: interval[0:01:00], next run at: 2026-06-17 21:43:24 +05)" (scheduled at 2026-06-17 21:42:24.939426+05:00)
2026-06-17 21:42:24,957 INFO Job "check_task_notifications (trigger: interval[0:01:00], next run at: 2026-06-17 21:43:24 +05)" executed successfully
2026-06-17 21:42:24,957 INFO Job "check_reminders (trigger: interval[0:01:00], next run at: 2026-06-17 21:43:24 +05)" executed successfully
2026-06-17 21:43:24,948 INFO Running job "check_task_notifications (trigger: interval[0:01:00], next run at: 2026-06-17 21:44:24 +05)" (scheduled at 2026-06-17 21:43:24.936401+05:00)
2026-06-17 21:43:24,955 INFO Running job "check_reminders (trigger: interval[0:01:00], next run at: 2026-06-17 21:44:24 +05)" (scheduled at 2026-06-17 21:43:24.939426+05:00)
2026-06-17 21:43:24,961 INFO Job "check_task_notifications (trigger: interval[0:01:00], next run at: 2026-06-17 21:44:24 +05)" executed successfully
2026-06-17 21:43:24,962 INFO Job "check_reminders (trigger: interval[0:01:00], next run at: 2026-06-17 21:44:24 +05)" executed successfully
2026-06-17 21:44:24,938 INFO Running job "check_task_notifications (trigger: interval[0:01:00], next run at: 2026-06-17 21:45:24 +05)" (scheduled at 2026-06-17 21:44:24.936401+05:00)
2026-06-17 21:44:24,945 INFO Running job "check_reminders (trigger: interval[0:01:00], next run at: 2026-06-17 21:45:24 +05)" (scheduled at 2026-06-17 21:44:24.939426+05:00)
2026-06-17 21:44:24,947 INFO Job "check_task_notifications (trigger: interval[0:01:00], next run at: 2026-06-17 21:45:24 +05)" executed successfully
2026-06-17 21:44:24,951 INFO Job "check_reminders (trigger: interval[0:01:00], next run at: 2026-06-17 21:45:24 +05)" executed successfully
